
> makeup-sdk-dashboard@0.1.0 build
> next build

   ▲ Next.js 15.3.2
   - Environments: .env

   Creating an optimized production build ...
 ✓ Compiled successfully in 13.0s
   Skipping validation of types
   Skipping linting
   Collecting page data ...
   Generating static pages (0/32) ...
   Generating static pages (8/32) 
   Generating static pages (16/32) 
   Generating static pages (24/32) 
 ✓ Generating static pages (32/32)
   Finalizing page optimization ...
   Collecting build traces ...

Route (app)                                 Size  First Load JS
┌ ○ /                                      177 B         107 kB
├ ○ /_not-found                            990 B         103 kB
├ ○ /auth/login                          1.71 kB         237 kB
├ ○ /auth/verify-otp                     4.18 kB         240 kB
├ ○ /dashboard                           6.72 kB         237 kB
├ ○ /dashboard/admin/analytics           12.8 kB         218 kB
├ ○ /dashboard/admin/coupons             9.69 kB         292 kB
├ ○ /dashboard/admin/coupons/create        731 B         337 kB
├ ƒ /dashboard/admin/coupons/edit/[id]     830 B         337 kB
├ ○ /dashboard/admin/notifications       14.7 kB         293 kB
├ ○ /dashboard/admin/packages            4.45 kB         293 kB
├ ƒ /dashboard/admin/packages/[id]       3.48 kB         253 kB
├ ○ /dashboard/admin/packages/create     9.61 kB         238 kB
├ ○ /dashboard/admin/payments            13.6 kB         257 kB
├ ○ /dashboard/admin/plans               7.26 kB         273 kB
├ ƒ /dashboard/admin/plans/[id]           6.5 kB         231 kB
├ ○ /dashboard/admin/plans/create        3.85 kB         253 kB
├ ƒ /dashboard/admin/plans/edit/[id]     5.03 kB         254 kB
├ ○ /dashboard/admin/products            13.3 kB         299 kB
├ ○ /dashboard/admin/users               4.97 kB         296 kB
├ ƒ /dashboard/admin/users/[id]           7.2 kB         253 kB
├ ○ /dashboard/admin/users/create          654 B         273 kB
├ ƒ /dashboard/admin/users/edit/[id]     1.56 kB         274 kB
├ ○ /dashboard/analytics                 10.7 kB         248 kB
├ ○ /dashboard/divar                     7.57 kB         248 kB
├ ○ /dashboard/notifications             8.04 kB         265 kB
├ ○ /dashboard/packages                  12.3 kB         286 kB
├ ƒ /dashboard/packages/[id]             6.73 kB         243 kB
├ ○ /dashboard/payments                  4.81 kB         275 kB
├ ƒ /dashboard/payments/[id]             5.79 kB         253 kB
├ ○ /dashboard/plans                     6.62 kB         221 kB
├ ƒ /dashboard/plans/[id]                10.8 kB         239 kB
├ ○ /dashboard/products                  5.18 kB         311 kB
├ ƒ /dashboard/products/[id]             7.13 kB         316 kB
├ ○ /dashboard/profile                   10.9 kB         299 kB
├ ○ /dashboard/sdk                        233 kB         475 kB
├ ○ /dashboard/sdk/new-token               11 kB         220 kB
├ ○ /dashboard/settings                  6.38 kB         217 kB
└ ○ /kenar-divar                         4.01 kB         182 kB
+ First Load JS shared by all             102 kB
  ├ chunks/1684-4d1521987a5d861a.js      46.4 kB
  ├ chunks/4bd1b696-1ef78b1a90d3c055.js  53.2 kB
  └ other shared chunks (total)          2.04 kB


ƒ Middleware                             33.3 kB

○  (Static)   prerendered as static content
ƒ  (Dynamic)  server-rendered on demand

